<?xml version="1.0" encoding="UTF-8"?>
<!-- Generated by org.testng.reporters.JUnitReportReporter -->
<testsuite hostname="Deshan" failures="0" tests="5" name="com.qa.log4j.tests.UI_Page_Test" time="11.611" errors="0" timestamp="08 Jun 2021 20:44:16 GMT" skipped="0">
  <testcase classname="com.qa.log4j.tests.UI_Page_Test" name="inputTest" time="2.402"/>
  <testcase classname="com.qa.log4j.tests.UI_Page_Test" name="buttonTest" time="0.587"/>
  <testcase classname="com.qa.log4j.tests.UI_Page_Test" name="selectTest" time="0.977"/>
  <testcase classname="com.qa.log4j.tests.UI_Page_Test" name="alertTest" time="5.933"/>
  <testcase classname="com.qa.log4j.tests.UI_Page_Test" name="framesTest" time="1.712"/>
</testsuite> <!-- com.qa.log4j.tests.UI_Page_Test -->
